<?xml version="1.0" encoding="UTF-8"?>
<!-- Generated by org.testng.reporters.JUnitXMLReporter -->
<testsuite ignored="0" hostname="LAPTOP-2S13CC9O" failures="0" tests="28" name="Default test" time="36.258" errors="0" timestamp="2024-07-20T13:41:22 IST">
  <testcase classname="com.mystore.testcases.TC_ProductPaymentPageTest" name="VerifyUrltoSearchProduct" time="0.017"/>
  <testcase classname="com.mystore.testcases.TC_ProductPaymentPageTest" name="VerifyLogIn" time="1.064"/>
  <testcase classname="com.mystore.testcases.TC_ProductPaymentPageTest" name="VerifyLogInOpen" time="0.022"/>
  <testcase classname="com.mystore.testcases.TC_ProductPaymentPageTest" name="VerifySetEmail" time="0.184"/>
  <testcase classname="com.mystore.testcases.TC_ProductPaymentPageTest" name="VerifySetPwd" time="0.128"/>
  <testcase classname="com.mystore.testcases.TC_ProductPaymentPageTest" name="VerifyLogInSubmit" time="2.113"/>
  <testcase classname="com.mystore.testcases.TC_ProductPaymentPageTest" name="VerifySearchedEntry" time="2.305"/>
  <testcase classname="com.mystore.testcases.TC_ProductPaymentPageTest" name="VerifyRedirecttoProductItem" time="0.036"/>
  <testcase classname="com.mystore.testcases.TC_ProductPaymentPageTest" name="VerifyAssertProdEntryandPage" time="0.109"/>
  <testcase classname="com.mystore.testcases.TC_ProductPaymentPageTest" name="VerifyGetSearchedProd" time="0.834"/>
  <testcase classname="com.mystore.testcases.TC_ProductPaymentPageTest" name="VerifyProdSize" time="0.136"/>
  <testcase classname="com.mystore.testcases.TC_ProductPaymentPageTest" name="VerifyProdColor" time="0.135"/>
  <testcase classname="com.mystore.testcases.TC_ProductPaymentPageTest" name="VerifyaddtocartButton" time="0.127"/>
  <testcase classname="com.mystore.testcases.TC_ProductPaymentPageTest" name="VerifyProdAlertMsg" time="3.065"/>
  <testcase classname="com.mystore.testcases.TC_ProductPaymentPageTest" name="VerifyAddtoCartDropdown" time="0.141"/>
  <testcase classname="com.mystore.testcases.TC_ProductPaymentPageTest" name="VerifyProceedtoCheckout" time="2.734"/>
  <testcase classname="com.mystore.testcases.TC_ProductPaymentPageTest" name="VerifyCheckShippingUrl" time="0.049"/>
  <testcase classname="com.mystore.testcases.TC_ProductPaymentPageTest" name="VerifyShippingOrder" time="0.108"/>
  <testcase classname="com.mystore.testcases.TC_ProductPaymentPageTest" name="VerifyClickNext" time="3.528"/>
  <testcase classname="com.mystore.testcases.TC_ProductPaymentPageTest" name="VerifycheckUrl" time="2.028"/>
  <testcase classname="com.mystore.testcases.TC_ProductPaymentPageTest" name="VerifyPlaceOrderButton" time="2.254"/>
  <testcase classname="com.mystore.testcases.TC_ProductPaymentPageTest" name="VerifycheckoutSuccess" time="4.204"/>
  <testcase classname="com.mystore.testcases.TC_ProductPaymentPageTest" name="VerifyClickOrderNumber" time="1.697"/>
  <testcase classname="com.mystore.testcases.TC_ProductPaymentPageTest" name="VerifyPrintOrder" time="0.299"/>
  <testcase classname="com.mystore.testcases.TC_ProductPaymentPageTest" name="VerifyCloseDriver" time="0.067"/>
  <testcase classname="com.mystore.testcases.TC_ProductPaymentPageTest" name="VerifyViewOrderId" time="0.035"/>
  <testcase classname="com.mystore.testcases.TC_ProductPaymentPageTest" name="VerifyDropdownLogout" time="0.089"/>
  <testcase classname="com.mystore.testcases.TC_ProductPaymentPageTest" name="VerifylogoutButton" time="1.438"/>
</testsuite> <!-- Default test -->
