<?xml version="1.0" encoding="UTF-8"?>
<!-- Generated by org.testng.reporters.JUnitXMLReporter -->
<testsuite ignored="0" hostname="LAPTOP-2S13CC9O" failures="0" tests="5" name="DataDrivenTest" time="93.891" errors="0" timestamp="2024-07-20T13:49:29 IST">
  <testcase classname="com.mystore.testcases.TC_DD_SigninPageTest" name="VerifySigninPage" time="19.962"/>
  <testcase classname="com.mystore.testcases.TC_DD_SigninPageTest" name="VerifySigninPage" time="21.793"/>
  <testcase classname="com.mystore.testcases.TC_DD_SigninPageTest" name="VerifySigninPage" time="13.88"/>
  <testcase classname="com.mystore.testcases.TC_DD_SigninPageTest" name="VerifySigninPage" time="16.305"/>
  <testcase classname="com.mystore.testcases.TC_DD_SigninPageTest" name="VerifySigninPage" time="15.871"/>
</testsuite> <!-- DataDrivenTest -->
