<?xml version="1.0" encoding="UTF-8"?>
<!-- Generated by org.testng.reporters.JUnitXMLReporter -->
<testsuite ignored="4" hostname="LAPTOP-2S13CC9O" failures="0" tests="12" name="SearchProductTest" time="13.099" errors="0" timestamp="2024-07-20T13:49:42 IST">
  <testcase classname="com.mystore.testcases.TC_SearchProductPageTest" name="VerifyUrlOpen" time="0.014"/>
  <testcase classname="com.mystore.testcases.TC_SearchProductPageTest" name="VerifyLogin" time="1.811"/>
  <testcase classname="com.mystore.testcases.TC_SearchProductPageTest" name="VerifyNavigatetoLogin" time="0.001"/>
  <testcase classname="com.mystore.testcases.TC_SearchProductPageTest" name="VerifyLoginPageOpen" time="0.01"/>
  <testcase classname="com.mystore.testcases.TC_SearchProductPageTest" name="VerifyEmailLoggingIn" time="0.144"/>
  <testcase classname="com.mystore.testcases.TC_SearchProductPageTest" name="VerifyPwdLoggingIn" time="0.099"/>
  <testcase classname="com.mystore.testcases.TC_SearchProductPageTest" name="VerifySignInButtonLoggingIn" time="2.789"/>
  <testcase classname="com.mystore.testcases.TC_SearchProductPageTest" name="VerifySearchEntry" time="2.06"/>
  <testcase classname="com.mystore.testcases.TC_SearchProductPageTest" name="VerifyRedirectSearch" time="0.03"/>
  <testcase classname="com.mystore.testcases.TC_SearchProductPageTest" name="VerifyAssertSearchEntry" time="0.066"/>
  <testcase classname="com.mystore.testcases.TC_SearchProductPageTest" name="VerifySearchProductFound" time="0.613"/>
  <testcase classname="com.mystore.testcases.TC_SearchProductPageTest" name="VerifySearchedProductLink" time="0.023"/>
  <testcase classname="com.mystore.testcases.TC_SearchProductPageTest" name="VerifyProdAddtoCart" time="0.0">
    <ignored/>
  </testcase> <!-- VerifyProdAddtoCart -->
  <testcase classname="com.mystore.testcases.TC_SearchProductPageTest" name="VerifyColorofProduct" time="0.0">
    <ignored/>
  </testcase> <!-- VerifyColorofProduct -->
  <testcase classname="com.mystore.testcases.TC_SearchProductPageTest" name="VerifyProdAddedToCartAlertPresent" time="0.0">
    <ignored/>
  </testcase> <!-- VerifyProdAddedToCartAlertPresent -->
  <testcase classname="com.mystore.testcases.TC_SearchProductPageTest" name="VerifySizeofProductPage" time="0.0">
    <ignored/>
  </testcase> <!-- VerifySizeofProductPage -->
</testsuite> <!-- SearchProductTest -->
