<?xml version="1.0" encoding="UTF-8"?>
<!-- Generated by org.testng.reporters.JUnitXMLReporter -->
<testsuite ignored="3" hostname="LAPTOP-2S13CC9O" failures="0" tests="0" time="0.275" errors="0" timestamp="2024-07-18T09:05:40 IST">
  <testcase classname="com.mystore.testcases.TC_SignupPageTest" name="verifylogOut" time="0.0">
    <ignored/>
  </testcase> <!-- verifylogOut -->
  <testcase classname="com.mystore.testcases.TC_SignupPageTest" name="verifyNewAcc" time="0.0">
    <ignored/>
  </testcase> <!-- verifyNewAcc -->
  <testcase classname="com.mystore.testcases.TC_SignupPageTest" name="verifysignupAccount" time="0.0">
    <ignored/>
  </testcase> <!-- verifysignupAccount -->
</testsuite>
